This is pdfTeX, Version 3.141592653-2.6-1.40.26 (TeX Live 2024) (preloaded format=pdflatex 2024.3.22)  5 MAY 2025 17:50
entering extended mode
 restricted \write18 enabled.
 file:line:error style messages enabled.
 %&-line parsing enabled.
**report.tex
(./report.tex
LaTeX2e <2023-11-01> patch level 1
L3 programming layer <2024-02-20>

./report.tex:1: LaTeX Error: Missing \begin{document}.

See the LaTeX manual or LaTeX Companion for explanation.
Type  H <return>  for immediate help.
 ...                                              
                                                  
l.1 c
     umentclass[12pt]{article}
? 
./report.tex:1: Emergency stop.
 ...                                              
                                                  
l.1 c
     umentclass[12pt]{article}
You're in trouble here.  Try typing  <return>  to proceed.
If that doesn't work, type  X <return>  to quit.

 
Here is how much of TeX's memory you used:
 17 strings out of 474116
 512 string characters out of 5743682
 1925187 words of memory out of 5000000
 22476 multiletter control sequences out of 15000+600000
 558069 words of font info for 36 fonts, out of 8000000 for 9000
 1141 hyphenation exceptions out of 8191
 15i,0n,18p,72b,14s stack positions out of 10000i,1000n,20000p,200000b,200000s
./report.tex:1:  ==> Fatal error occurred, no output PDF file produced!
exmf-dist/tex/generic/pgf/utilities/pgfutil-common.te
x
\pgfutil@everybye=\toks19
\pgfutil@tempdima=\dimen141
\pgfutil@tempdimb=\dimen142
)
(/usr/local/texlive/2024/texmf-dist/tex/generic/pgf/utilities/pgfutil-latex.def
\pgfutil@abb=\box51
) (/usr/local/texlive/2024/texmf-dist/tex/generic/pgf/utilities/pgfrcs.code.tex
(/usr/local/texlive/2024/texmf-dist/tex/generic/pgf/pgf.revision.tex)
Package: pgfrcs 2023-01-15 v3.1.10 (3.1.10)
))
(/usr/local/texlive/2024/texmf-dist/tex/latex/pgf/utilities/pgfkeys.sty
(/usr/local/texlive/2024/texmf-dist/tex/generic/pgf/utilities/pgfkeys.code.tex
\pgfkeys@pathtoks=\toks20
\pgfkeys@temptoks=\toks21

(/usr/local/texlive/2024/texmf-dist/tex/generic/pgf/utilities/pgfkeyslibraryfil
tered.code.tex
\pgfkeys@tmptoks=\toks22
))) (/usr/local/texlive/2024/texmf-dist/tex/latex/base/ifthen.sty
Package: ifthen 2022/04/13 v1.1d Standard LaTeX ifthen package (DPC)
) (/usr/local/texlive/2024/texmf-dist/tex/latex/etoolbox/etoolbox.sty
Package: etoolbox 2020/10/05 v2.5k e-TeX tools for LaTeX (JAW)
\etb@tempcnta=\count196
)
(/usr/local/texlive/2024/texmf-dist/tex/latex/tools/shellesc.sty
Package: shellesc 2023/07/08 v1.0d unified shell escape interface for LaTeX
Package shellesc Info: Restricted shell escape enabled on input line 77.
)
\csv@file=\read2
\c@csvinputline=\count197
\c@csvrow=\count198
\c@csvcol=\count199
\csv@out=\write3
)
(/usr/local/texlive/2024/texmf-dist/tex/generic/babel/babel.sty
Package: babel 2024/02/07 v24.2 The Babel package
\babel@savecnt=\count266
\U@D=\dimen143
\l@unhyphenated=\language89

(/usr/local/texlive/2024/texmf-dist/tex/generic/babel/txtbabel.def)
\bbl@readstream=\read3
\bbl@dirlevel=\count267

(/usr/local/texlive/2024/texmf-dist/tex/generic/babel-english/english.ldf
Language: english 2017/06/06 v3.3r English support from the babel system
Package babel Info: Hyphen rules for 'canadian' set to \l@english
(babel)             (\language0). Reported on input line 102.
Package babel Info: Hyphen rules for 'australian' set to \l@ukenglish
(babel)             (\language23). Reported on input line 105.
Package babel Info: Hyphen rules for 'newzealand' set to \l@ukenglish
(babel)             (\language23). Reported on input line 108.
))
(/usr/local/texlive/2024/texmf-dist/tex/generic/babel/locale/en/babel-english.t
ex
Package babel Info: Importing font and identification data for english
(babel)             from babel-en.ini. Reported on input line 11.
) (/usr/local/texlive/2024/texmf-dist/tex/latex/amscls/amsthm.sty
Package: amsthm 2020/05/29 v2.20.6
\thm@style=\toks23
\thm@bodyfont=\toks24
\thm@headfont=\toks25
\thm@notefont=\toks26
\thm@headpunct=\toks27
\thm@preskip=\skip50
\thm@postskip=\skip51
\thm@headsep=\skip52
\dth@everypar=\toks28
)
(/usr/local/texlive/2024/texmf-dist/tex/latex/amsfonts/amssymb.sty
Package: amssymb 2013/01/14 v3.01 AMS font symbols

(/usr/local/texlive/2024/texmf-dist/tex/latex/amsfonts/amsfonts.sty
Package: amsfonts 2013/01/14 v3.01 Basic AMSFonts support
\@emptytoks=\toks29
\symAMSa=\mathgroup4
\symAMSb=\mathgroup5
LaTeX Font Info:    Redeclaring math symbol \hbar on input line 98.
LaTeX Font Info:    Overwriting math alphabet `\mathfrak' in version `bold'
(Font)                  U/euf/m/n --> U/euf/b/n on input line 106.
))
(/usr/local/texlive/2024/texmf-dist/tex/latex/mathtools/mathtools.sty
Package: mathtools 2024/03/11 v1.30 mathematical typesetting tools

(/usr/local/texlive/2024/texmf-dist/tex/latex/graphics/keyval.sty
Package: keyval 2022/05/29 v1.15 key=value parser (DPC)
\KV@toks@=\toks30
)
(/usr/local/texlive/2024/texmf-dist/tex/latex/tools/calc.sty
Package: calc 2023/07/08 v4.3 Infix arithmetic (KKT,FJ)
\calc@Acount=\count268
\calc@Bcount=\count269
\calc@Adimen=\dimen144
\calc@Bdimen=\dimen145
\calc@Askip=\skip53
\calc@Bskip=\skip54
LaTeX Info: Redefining \setlength on input line 80.
LaTeX Info: Redefining \addtolength on input line 81.
\calc@Ccount=\count270
\calc@Cskip=\skip55
)
(/usr/local/texlive/2024/texmf-dist/tex/latex/mathtools/mhsetup.sty
Package: mhsetup 2021/03/18 v1.4 programming setup (MH)
)
(/usr/local/texlive/2024/texmf-dist/tex/latex/amsmath/amsmath.sty
Package: amsmath 2023/05/13 v2.17o AMS math features
\@mathmargin=\skip56

For additional information on amsmath, use the `?' option.
(/usr/local/texlive/2024/texmf-dist/tex/latex/amsmath/amstext.sty
Package: amstext 2021/08/26 v2.01 AMS text

(/usr/local/texlive/2024/texmf-dist/tex/latex/amsmath/amsgen.sty
File: amsgen.sty 1999/11/30 v2.0 generic functions
\@emptytoks=\toks31
\ex@=\dimen146
))
(/usr/local/texlive/2024/texmf-dist/tex/latex/amsmath/amsbsy.sty
Package: amsbsy 1999/11/29 v1.2d Bold Symbols
\pmbraise@=\dimen147
)
(/usr/local/texlive/2024/texmf-dist/tex/latex/amsmath/amsopn.sty
Package: amsopn 2022/04/08 v2.04 operator names
)
\inf@bad=\count271
LaTeX Info: Redefining \frac on input line 234.
\uproot@=\count272
\leftroot@=\count273
LaTeX Info: Redefining \overline on input line 399.
LaTeX Info: Redefining \colon on input line 410.
\classnum@=\count274
\DOTSCASE@=\count275
LaTeX Info: Redefining \ldots on input line 496.
LaTeX Info: Redefining \dots on input line 499.
LaTeX Info: Redefining \cdots on input line 620.
\Mathstrutbox@=\box52
\strutbox@=\box53
LaTeX Info: Redefining \big on input line 722.
LaTeX Info: Redefining \Big on input line 723.
LaTeX Info: Redefining \bigg on input line 724.
LaTeX Info: Redefining \Bigg on input line 725.
\big@size=\dimen148
LaTeX Font Info:    Redeclaring font encoding OML on input line 743.
LaTeX Font Info:    Redeclaring font encoding OMS on input line 744.
\macc@depth=\count276
LaTeX Info: Redefining \bmod on input line 905.
LaTeX Info: Redefining \pmod on input line 910.
LaTeX Info: Redefining \smash on input line 940.
LaTeX Info: Redefining \relbar on input line 970.
LaTeX Info: Redefining \Relbar on input line 971.
\c@MaxMatrixCols=\count277
\dotsspace@=\muskip16
\c@parentequation=\count278
\dspbrk@lvl=\count279
\tag@help=\toks32
\row@=\count280
\column@=\count281
\maxfields@=\count282
\andhelp@=\toks33
\eqnshift@=\dimen149
\alignsep@=\dimen150
\tagshift@=\dimen151
\tagwidth@=\dimen152
\totwidth@=\dimen153
\lineht@=\dimen154
\@envbody=\toks34
\multlinegap=\skip57
\multlinetaggap=\skip58
\mathdisplay@stack=\toks35
LaTeX Info: Redefining \[ on input line 2953.
LaTeX Info: Redefining \] on input line 2954.
)
\g_MT_multlinerow_int=\count283
\l_MT_multwidth_dim=\dimen155
\origjot=\skip59
\l_MT_shortvdotswithinadjustabove_dim=\dimen156
\l_MT_shortvdotswithinadjustbelow_dim=\dimen157
\l_MT_above_intertext_sep=\dimen158
\l_MT_below_intertext_sep=\dimen159
\l_MT_above_shortintertext_sep=\dimen160
\l_MT_below_shortintertext_sep=\dimen161
\xmathstrut@box=\box54
\xmathstrut@dim=\dimen162
)
(/usr/local/texlive/2024/texmf-dist/tex/latex/listings/listings.sty
\lst@mode=\count284
\lst@gtempboxa=\box55
\lst@token=\toks36
\lst@length=\count285
\lst@currlwidth=\dimen163
\lst@column=\count286
\lst@pos=\count287
\lst@lostspace=\dimen164
\lst@width=\dimen165
\lst@newlines=\count288
\lst@lineno=\count289
\lst@maxwidth=\dimen166

(/usr/local/texlive/2024/texmf-dist/tex/latex/listings/lstpatch.sty
File: lstpatch.sty 2024/02/21 1.10 (Carsten Heinz)
)
(/usr/local/texlive/2024/texmf-dist/tex/latex/listings/lstmisc.sty
File: lstmisc.sty 2024/02/21 1.10 (Carsten Heinz)
\c@lstnumber=\count290
\lst@skipnumbers=\count291
\lst@framebox=\box56
)
(/usr/local/texlive/2024/texmf-dist/tex/latex/listings/listings.cfg
File: listings.cfg 2024/02/21 1.10 listings configuration
))
Package: listings 2024/02/21 1.10 (Carsten Heinz)

(/usr/local/texlive/2024/texmf-dist/tex/latex/matlab-prettifier/matlab-prettifi
er.sty
Package: matlab-prettifier 2014/06/19 v0.3 A package for prettyprinting Matlab 
source code
 (/usr/local/texlive/2024/texmf-dist/tex/latex/base/textcomp.sty
Package: textcomp 2020/02/02 v2.0n Standard LaTeX package
)
(/usr/local/texlive/2024/texmf-dist/tex/latex/xcolor/xcolor.sty
Package: xcolor 2023/11/15 v3.01 LaTeX color extensions (UK)

(/usr/local/texlive/2024/texmf-dist/tex/latex/graphics-cfg/color.cfg
File: color.cfg 2016/01/02 v1.6 sample color configuration
)
Package xcolor Info: Driver file: pdftex.def on input line 274.

(/usr/local/texlive/2024/texmf-dist/tex/latex/graphics-def/pdftex.def
File: pdftex.def 2022/09/22 v1.2b Graphics/color driver for pdftex
)
(/usr/local/texlive/2024/texmf-dist/tex/latex/graphics/mathcolor.ltx)
Package xcolor Info: Model `cmy' substituted by `cmy0' on input line 1350.
Package xcolor Info: Model `hsb' substituted by `rgb' on input line 1354.
Package xcolor Info: Model `RGB' extended on input line 1366.
Package xcolor Info: Model `HTML' substituted by `rgb' on input line 1368.
Package xcolor Info: Model `Hsb' substituted by `hsb' on input line 1369.
Package xcolor Info: Model `tHsb' substituted by `hsb' on input line 1370.
Package xcolor Info: Model `HSB' substituted by `hsb' on input line 1371.
Package xcolor Info: Model `Gray' substituted by `gray' on input line 1372.
Package xcolor Info: Model `wave' substituted by `hsb' on input line 1373.
)
\netBracketCount@mlpr=\count292
\blkLvl@mlpr=\count293
\blkLvlAtClassdef@mlpr=\count294
\emHeight@mlpr=\skip60
\jayDepth@mlpr=\skip61
\sectionRuleOffset@mlpr=\skip62
\toks@mlpr=\toks37
)
(/usr/local/texlive/2024/texmf-dist/tex/latex/pgfplots/pgfplots.sty
(/usr/local/texlive/2024/texmf-dist/tex/generic/pgfplots/pgfplots.revision.tex)
Package: pgfplots 2021/05/15 v1.18.1 Data Visualization (1.18.1)
(/usr/local/texlive/2024/texmf-dist/tex/latex/graphics/graphicx.sty
Package: graphicx 2021/09/16 v1.2d Enhanced LaTeX Graphics (DPC,SPQR)

(/usr/local/texlive/2024/texmf-dist/tex/latex/graphics/graphics.sty
Package: graphics 2022/03/10 v1.4e Standard LaTeX Graphics (DPC,SPQR)

(/usr/local/texlive/2024/texmf-dist/tex/latex/graphics/trig.sty
Package: trig 2021/08/11 v1.11 sin cos tan (DPC)
)
(/usr/local/texlive/2024/texmf-dist/tex/latex/graphics-cfg/graphics.cfg
File: graphics.cfg 2016/06/04 v1.11 sample graphics configuration
)
Package graphics Info: Driver file: pdftex.def on input line 107.
)
\Gin@req@height=\dimen167
\Gin@req@width=\dimen168
)
(/usr/local/texlive/2024/texmf-dist/tex/latex/pgf/frontendlayer/tikz.sty
(/usr/local/texlive/2024/texmf-dist/tex/latex/pgf/basiclayer/pgf.sty
Package: pgf 2023-01-15 v3.1.10 (3.1.10)

(/usr/local/texlive/2024/texmf-dist/tex/latex/pgf/basiclayer/pgfcore.sty
(/usr/local/texlive/2024/texmf-dist/tex/latex/pgf/systemlayer/pgfsys.sty
(/usr/local/texlive/2024/texmf-dist/tex/generic/pgf/systemlayer/pgfsys.code.tex
Package: pgfsys 2023-01-15 v3.1.10 (3.1.10)
\pgf@x=\dimen169
\pgf@y=\dimen170
\pgf@xa=\dimen171
\pgf@ya=\dimen172
\pgf@xb=\dimen173
\pgf@yb=\dimen174
\pgf@xc=\dimen175
\pgf@yc=\dimen176
\pgf@xd=\dimen177
\pgf@yd=\dimen178
\w@pgf@writea=\write4
\r@pgf@reada=\read4
\c@pgf@counta=\count295
\c@pgf@countb=\count296
\c@pgf@countc=\count297
\c@pgf@countd=\count298
\t@pgf@toka=\toks38
\t@pgf@tokb=\toks39
\t@pgf@tokc=\toks40
\pgf@sys@id@count=\count299
(/usr/local/texlive/2024/texmf-dist/tex/generic/pgf/systemlayer/pgf.cfg
File: pgf.cfg 2023-01-15 v3.1.10 (3.1.10)
)
Driver file for pgf: pgfsys-pdftex.def

(/usr/local/texlive/2024/texmf-dist/tex/generic/pgf/systemlayer/pgfsys-pdftex.d
ef
File: pgfsys-pdftex.def 2023-01-15 v3.1.10 (3.1.10)

(/usr/local/texlive/2024/texmf-dist/tex/generic/pgf/systemlayer/pgfsys-common-p
df.def
File: pgfsys-common-pdf.def 2023-01-15 v3.1.10 (3.1.10)
)))
(/usr/local/texlive/2024/texmf-dist/tex/generic/pgf/systemlayer/pgfsyssoftpath.
code.tex
File: pgfsyssoftpath.code.tex 2023-01-15 v3.1.10 (3.1.10)
\pgfsyssoftpath@smallbuffer@items=\count300
\pgfsyssoftpath@bigbuffer@items=\count301
)
(/usr/local/texlive/2024/texmf-dist/tex/generic/pgf/systemlayer/pgfsysprotocol.
code.tex
File: pgfsysprotocol.code.tex 2023-01-15 v3.1.10 (3.1.10)
))
(/usr/local/texlive/2024/texmf-dist/tex/generic/pgf/basiclayer/pgfcore.code.tex
Package: pgfcore 2023-01-15 v3.1.10 (3.1.10)
(/usr/local/texlive/2024/texmf-dist/tex/generic/pgf/math/pgfmath.code.tex
(/usr/local/texlive/2024/texmf-dist/tex/generic/pgf/math/pgfmathutil.code.tex)
(/usr/local/texlive/2024/texmf-dist/tex/generic/pgf/math/pgfmathparser.code.tex
\pgfmath@dimen=\dimen179
\pgfmath@count=\count302
\pgfmath@box=\box57
\pgfmath@toks=\toks41
\pgfmath@stack@operand=\toks42
\pgfmath@stack@operation=\toks43
)
(/usr/local/texlive/2024/texmf-dist/tex/generic/pgf/math/pgfmathfunctions.code.
tex)
(/usr/local/texlive/2024/texmf-dist/tex/generic/pgf/math/pgfmathfunctions.basic
.code.tex)
(/usr/local/texlive/2024/texmf-dist/tex/generic/pgf/math/pgfmathfunctions.trigo
nometric.code.tex)
(/usr/local/texlive/2024/texmf-dist/tex/generic/pgf/math/pgfmathfunctions.rando
m.code.tex)
(/usr/local/texlive/2024/texmf-dist/tex/generic/pgf/math/pgfmathfunctions.compa
rison.code.tex)
(/usr/local/texlive/2024/texmf-dist/tex/generic/pgf/math/pgfmathfunctions.base.
code.tex)
(/usr/local/texlive/2024/texmf-dist/tex/generic/pgf/math/pgfmathfunctions.round
.code.tex)
(/usr/local/texlive/2024/texmf-dist/tex/generic/pgf/math/pgfmathfunctions.misc.
code.tex)
(/usr/local/texlive/2024/texmf-dist/tex/generic/pgf/math/pgfmathfunctions.integ
erarithmetics.code.tex)
(/usr/local/texlive/2024/texmf-dist/tex/generic/pgf/math/pgfmathcalc.code.tex)
(/usr/local/texlive/2024/texmf-dist/tex/generic/pgf/math/pgfmathfloat.code.tex
\c@pgfmathroundto@lastzeros=\count303
)) (/usr/local/texlive/2024/texmf-dist/tex/generic/pgf/math/pgfint.code.tex)
(/usr/local/texlive/2024/texmf-dist/tex/generic/pgf/basiclayer/pgfcorepoints.co
de.tex
File: pgfcorepoints.code.tex 2023-01-15 v3.1.10 (3.1.10)
\pgf@picminx=\dimen180
\pgf@picmaxx=\dimen181
\pgf@picminy=\dimen182
\pgf@picmaxy=\dimen183
\pgf@pathminx=\dimen184
\pgf@pathmaxx=\dimen185
\pgf@pathminy=\dimen186
\pgf@pathmaxy=\dimen187
\pgf@xx=\dimen188
\pgf@xy=\dimen189
\pgf@yx=\dimen190
\pgf@yy=\dimen191
\pgf@zx=\dimen192
\pgf@zy=\dimen193
)
(/usr/local/texlive/2024/texmf-dist/tex/generic/pgf/basiclayer/pgfcorepathconst
ruct.code.tex
File: pgfcorepathconstruct.code.tex 2023-01-15 v3.1.10 (3.1.10)
\pgf@path@lastx=\dimen194
\pgf@path@lasty=\dimen195
)
(/usr/local/texlive/2024/texmf-dist/tex/generic/pgf/basiclayer/pgfcorepathusage
.code.tex
File: pgfcorepathusage.code.tex 2023-01-15 v3.1.10 (3.1.10)
\pgf@shorten@end@additional=\dimen196
\pgf@shorten@start@additional=\dimen197
)
(/usr/local/texlive/2024/texmf-dist/tex/generic/pgf/basiclayer/pgfcorescopes.co
de.tex
File: pgfcorescopes.code.tex 2023-01-15 v3.1.10 (3.1.10)
\pgfpic=\box58
\pgf@hbox=\box59
\pgf@layerbox@main=\box60
\pgf@picture@serial@count=\count304
)
(/usr/local/texlive/2024/texmf-dist/tex/generic/pgf/basiclayer/pgfcoregraphicst
ate.code.tex
File: pgfcoregraphicstate.code.tex 2023-01-15 v3.1.10 (3.1.10)
\pgflinewidth=\dimen198
)
(/usr/local/texlive/2024/texmf-dist/tex/generic/pgf/basiclayer/pgfcoretransform
ations.code.tex
File: pgfcoretransformations.code.tex 2023-01-15 v3.1.10 (3.1.10)
\pgf@pt@x=\dimen199
\pgf@pt@y=\dimen256
\pgf@pt@temp=\dimen257
)
(/usr/local/texlive/2024/texmf-dist/tex/generic/pgf/basiclayer/pgfcorequick.cod
e.tex
File: pgfcorequick.code.tex 2023-01-15 v3.1.10 (3.1.10)
)
(/usr/local/texlive/2024/texmf-dist/tex/generic/pgf/basiclayer/pgfcoreobjects.c
ode.tex
File: pgfcoreobjects.code.tex 2023-01-15 v3.1.10 (3.1.10)
)
(/usr/local/texlive/2024/texmf-dist/tex/generic/pgf/basiclayer/pgfcorepathproce
ssing.code.tex
File: pgfcorepathprocessing.code.tex 2023-01-15 v3.1.10 (3.1.10)
)
(/usr/local/texlive/2024/texmf-dist/tex/generic/pgf/basiclayer/pgfcorearrows.co
de.tex
File: pgfcorearrows.code.tex 2023-01-15 v3.1.10 (3.1.10)
\pgfarrowsep=\dimen258
)
(/usr/local/texlive/2024/texmf-dist/tex/generic/pgf/basiclayer/pgfcoreshade.cod
e.tex
File: pgfcoreshade.code.tex 2023-01-15 v3.1.10 (3.1.10)
\pgf@max=\dimen259
\pgf@sys@shading@range@num=\count305
\pgf@shadingcount=\count306
)
(/usr/local/texlive/2024/texmf-dist/tex/generic/pgf/basiclayer/pgfcoreimage.cod
e.tex
File: pgfcoreimage.code.tex 2023-01-15 v3.1.10 (3.1.10)
)
(/usr/local/texlive/2024/texmf-dist/tex/generic/pgf/basiclayer/pgfcoreexternal.
code.tex
File: pgfcoreexternal.code.tex 2023-01-15 v3.1.10 (3.1.10)
\pgfexternal@startupbox=\box61
)
(/usr/local/texlive/2024/texmf-dist/tex/generic/pgf/basiclayer/pgfcorelayers.co
de.tex
File: pgfcorelayers.code.tex 2023-01-15 v3.1.10 (3.1.10)
)
(/usr/local/texlive/2024/texmf-dist/tex/generic/pgf/basiclayer/pgfcoretranspare
ncy.code.tex
File: pgfcoretransparency.code.tex 2023-01-15 v3.1.10 (3.1.10)
)
(/usr/local/texlive/2024/texmf-dist/tex/generic/pgf/basiclayer/pgfcorepatterns.
code.tex
File: pgfcorepatterns.code.tex 2023-01-15 v3.1.10 (3.1.10)
)
(/usr/local/texlive/2024/texmf-dist/tex/generic/pgf/basiclayer/pgfcorerdf.code.
tex
File: pgfcorerdf.code.tex 2023-01-15 v3.1.10 (3.1.10)
)))
(/usr/local/texlive/2024/texmf-dist/tex/generic/pgf/modules/pgfmoduleshapes.cod
e.tex
File: pgfmoduleshapes.code.tex 2023-01-15 v3.1.10 (3.1.10)
\pgfnodeparttextbox=\box62
)
(/usr/local/texlive/2024/texmf-dist/tex/generic/pgf/modules/pgfmoduleplot.code.
tex
File: pgfmoduleplot.code.tex 2023-01-15 v3.1.10 (3.1.10)
)
(/usr/local/texlive/2024/texmf-dist/tex/latex/pgf/compatibility/pgfcomp-version
-0-65.sty
Package: pgfcomp-version-0-65 2023-01-15 v3.1.10 (3.1.10)
\pgf@nodesepstart=\dimen260
\pgf@nodesepend=\dimen261
)
(/usr/local/texlive/2024/texmf-dist/tex/latex/pgf/compatibility/pgfcomp-version
-1-18.sty
Package: pgfcomp-version-1-18 2023-01-15 v3.1.10 (3.1.10)
))
(/usr/local/texlive/2024/texmf-dist/tex/latex/pgf/utilities/pgffor.sty
(/usr/local/texlive/2024/texmf-dist/tex/latex/pgf/math/pgfmath.sty
(/usr/local/texlive/2024/texmf-dist/tex/generic/pgf/math/pgfmath.code.tex))
(/usr/local/texlive/2024/texmf-dist/tex/generic/pgf/utilities/pgffor.code.tex
Package: pgffor 2023-01-15 v3.1.10 (3.1.10)
\pgffor@iter=\dimen262
\pgffor@skip=\dimen263
\pgffor@stack=\toks44
\pgffor@toks=\toks45
))
(/usr/local/texlive/2024/texmf-dist/tex/generic/pgf/frontendlayer/tikz/tikz.cod
e.tex
Package: tikz 2023-01-15 v3.1.10 (3.1.10)

(/usr/local/texlive/2024/texmf-dist/tex/generic/pgf/libraries/pgflibraryplothan
dlers.code.tex
File: pgflibraryplothandlers.code.tex 2023-01-15 v3.1.10 (3.1.10)
\pgf@plot@mark@count=\count307
\pgfplotmarksize=\dimen264
)
\tikz@lastx=\dimen265
\tikz@lasty=\dimen266
\tikz@lastxsaved=\dimen267
\tikz@lastysaved=\dimen268
\tikz@lastmovetox=\dimen269
\tikz@lastmovetoy=\dimen270
\tikzleveldistance=\dimen271
\tikzsiblingdistance=\dimen272
\tikz@figbox=\box63
\tikz@figbox@bg=\box64
\tikz@tempbox=\box65
\tikz@tempbox@bg=\box66
\tikztreelevel=\count308
\tikznumberofchildren=\count309
\tikznumberofcurrentchild=\count310
\tikz@fig@count=\count311

(/usr/local/texlive/2024/texmf-dist/tex/generic/pgf/modules/pgfmodulematrix.cod
e.tex
File: pgfmodulematrix.code.tex 2023-01-15 v3.1.10 (3.1.10)
\pgfmatrixcurrentrow=\count312
\pgfmatrixcurrentcolumn=\count313
\pgf@matrix@numberofcolumns=\count314
)
\tikz@expandcount=\count315

(/usr/local/texlive/2024/texmf-dist/tex/generic/pgf/frontendlayer/tikz/librarie
s/tikzlibrarytopaths.code.tex
File: tikzlibrarytopaths.code.tex 2023-01-15 v3.1.10 (3.1.10)
)))
(/usr/local/texlive/2024/texmf-dist/tex/generic/pgfplots/pgfplots.code.tex
(/usr/local/texlive/2024/texmf-dist/tex/generic/pgfplots/pgfplotscore.code.tex
\t@pgfplots@toka=\toks46
\t@pgfplots@tokb=\toks47
\t@pgfplots@tokc=\toks48
\pgfplots@tmpa=\dimen273
\c@pgfplots@coordindex=\count316
\c@pgfplots@scanlineindex=\count317

(/usr/local/texlive/2024/texmf-dist/tex/generic/pgfplots/sys/pgfplotssysgeneric
.code.tex))
(/usr/local/texlive/2024/texmf-dist/tex/generic/pgfplots/libs/pgfplotslibrary.c
ode.tex)
(/usr/local/texlive/2024/texmf-dist/tex/generic/pgfplots/oldpgfcompatib/pgfplot
soldpgfsupp_loader.code.tex
(/usr/local/texlive/2024/texmf-dist/tex/generic/pgf/libraries/pgflibraryfpu.cod
e.tex)
Package pgfplots: loading complementary utilities for your pgf version...
\t@pgf@toka=\toks49
\t@pgf@tokb=\toks50
\t@pgf@tokc=\toks51

(/usr/local/texlive/2024/texmf-dist/tex/generic/pgfplots/oldpgfcompatib/pgfplot
soldpgfsupp_pgfutil-common-lists.tex))
(/usr/local/texlive/2024/texmf-dist/tex/generic/pgfplots/util/pgfplotsutil.code
.tex
(/usr/local/texlive/2024/texmf-dist/tex/generic/pgfplots/liststructure/pgfplots
liststructure.code.tex)
(/usr/local/texlive/2024/texmf-dist/tex/generic/pgfplots/liststructure/pgfplots
liststructureext.code.tex)
(/usr/local/texlive/2024/texmf-dist/tex/generic/pgfplots/liststructure/pgfplots
array.code.tex
\c@pgfplotsarray@tmp=\count318
)
(/usr/local/texlive/2024/texmf-dist/tex/generic/pgfplots/liststructure/pgfplots
matrix.code.tex)
(/usr/local/texlive/2024/texmf-dist/tex/generic/pgfplots/numtable/pgfplotstable
shared.code.tex
\c@pgfplotstable@counta=\count319
\t@pgfplotstable@a=\toks52
)
(/usr/local/texlive/2024/texmf-dist/tex/generic/pgfplots/liststructure/pgfplots
deque.code.tex)
(/usr/local/texlive/2024/texmf-dist/tex/generic/pgfplots/util/pgfplotsbinary.co
de.tex
(/usr/local/texlive/2024/texmf-dist/tex/generic/pgfplots/util/pgfplotsbinary.da
ta.code.tex))
(/usr/local/texlive/2024/texmf-dist/tex/generic/pgfplots/util/pgfplotsutil.verb
.code.tex)
(/usr/local/texlive/2024/texmf-dist/tex/generic/pgfplots/libs/pgflibrarypgfplot
s.surfshading.code.tex
\c@pgfplotslibrarysurf@no=\count320

(/usr/local/texlive/2024/texmf-dist/tex/generic/pgfplots/sys/pgflibrarypgfplots
.surfshading.pgfsys-pdftex.def)))
(/usr/local/texlive/2024/texmf-dist/tex/generic/pgfplots/util/pgfplotscolormap.
code.tex
(/usr/local/texlive/2024/texmf-dist/tex/generic/pgfplots/util/pgfplotscolor.cod
e.tex))
(/usr/local/texlive/2024/texmf-dist/tex/generic/pgfplots/pgfplotsstackedplots.c
ode.tex)
(/usr/local/texlive/2024/texmf-dist/tex/generic/pgfplots/pgfplotsplothandlers.c
ode.tex
(/usr/local/texlive/2024/texmf-dist/tex/generic/pgfplots/pgfplotsmeshplothandle
r.code.tex
(/usr/local/texlive/2024/texmf-dist/tex/generic/pgfplots/pgfplotsmeshplotimage.
code.tex)))
(/usr/local/texlive/2024/texmf-dist/tex/generic/pgfplots/pgfplots.scaling.code.
tex)
(/usr/local/texlive/2024/texmf-dist/tex/generic/pgfplots/pgfplotscoordprocessin
g.code.tex)
(/usr/local/texlive/2024/texmf-dist/tex/generic/pgfplots/pgfplots.errorbars.cod
e.tex)
(/usr/local/texlive/2024/texmf-dist/tex/generic/pgfplots/pgfplots.markers.code.
tex)
(/usr/local/texlive/2024/texmf-dist/tex/generic/pgfplots/pgfplotsticks.code.tex
)
(/usr/local/texlive/2024/texmf-dist/tex/generic/pgfplots/pgfplots.paths.code.te
x)
(/usr/local/texlive/2024/texmf-dist/tex/generic/pgf/frontendlayer/tikz/librarie
s/tikzlibrarydecorations.code.tex
(/usr/local/texlive/2024/texmf-dist/tex/generic/pgf/modules/pgfmoduledecoration
s.code.tex
\pgfdecoratedcompleteddistance=\dimen274
\pgfdecoratedremainingdistance=\dimen275
\pgfdecoratedinputsegmentcompleteddistance=\dimen276
\pgfdecoratedinputsegmentremainingdistance=\dimen277
\pgf@decorate@distancetomove=\dimen278
\pgf@decorate@repeatstate=\count321
\pgfdecorationsegmentamplitude=\dimen279
\pgfdecorationsegmentlength=\dimen280
)
\tikz@lib@dec@box=\box67
)
(/usr/local/texlive/2024/texmf-dist/tex/generic/pgf/frontendlayer/tikz/librarie
s/tikzlibrarydecorations.pathmorphing.code.tex
(/usr/local/texlive/2024/texmf-dist/tex/generic/pgf/libraries/decorations/pgfli
brarydecorations.pathmorphing.code.tex))
(/usr/local/texlive/2024/texmf-dist/tex/generic/pgf/frontendlayer/tikz/librarie
s/tikzlibrarydecorations.pathreplacing.code.tex
(/usr/local/texlive/2024/texmf-dist/tex/generic/pgf/libraries/decorations/pgfli
brarydecorations.pathreplacing.code.tex))
(/usr/local/texlive/2024/texmf-dist/tex/generic/pgfplots/libs/tikzlibrarypgfplo
ts.contourlua.code.tex)
\pgfplots@numplots=\count322
\pgfplots@xmin@reg=\dimen281
\pgfplots@xmax@reg=\dimen282
\pgfplots@ymin@reg=\dimen283
\pgfplots@ymax@reg=\dimen284
\pgfplots@zmin@reg=\dimen285
\pgfplots@zmax@reg=\dimen286
)
(/usr/local/texlive/2024/texmf-dist/tex/generic/pgf/frontendlayer/tikz/librarie
s/tikzlibraryplotmarks.code.tex
File: tikzlibraryplotmarks.code.tex 2023-01-15 v3.1.10 (3.1.10)

(/usr/local/texlive/2024/texmf-dist/tex/generic/pgf/libraries/pgflibraryplotmar
ks.code.tex
File: pgflibraryplotmarks.code.tex 2023-01-15 v3.1.10 (3.1.10)
)))
(/usr/local/texlive/2024/texmf-dist/tex/latex/hyperref/hyperref.sty
Package: hyperref 2024-01-20 v7.01h Hypertext links for LaTeX

(/usr/local/texlive/2024/texmf-dist/tex/generic/iftex/iftex.sty
Package: iftex 2022/02/03 v1.0f TeX engine tests
)
(/usr/local/texlive/2024/texmf-dist/tex/latex/kvsetkeys/kvsetkeys.sty
Package: kvsetkeys 2022-10-05 v1.19 Key value parser (HO)
)
(/usr/local/texlive/2024/texmf-dist/tex/generic/kvdefinekeys/kvdefinekeys.sty
Package: kvdefinekeys 2019-12-19 v1.6 Define keys (HO)
)
(/usr/local/texlive/2024/texmf-dist/tex/generic/pdfescape/pdfescape.sty
Package: pdfescape 2019/12/09 v1.15 Implements pdfTeX's escape features (HO)

(/usr/local/texlive/2024/texmf-dist/tex/generic/ltxcmds/ltxcmds.sty
Package: ltxcmds 2023-12-04 v1.26 LaTeX kernel commands for general use (HO)
)
(/usr/local/texlive/2024/texmf-dist/tex/generic/pdftexcmds/pdftexcmds.sty
Package: pdftexcmds 2020-06-27 v0.33 Utility functions of pdfTeX for LuaTeX (HO
)

(/usr/local/texlive/2024/texmf-dist/tex/generic/infwarerr/infwarerr.sty
Package: infwarerr 2019/12/03 v1.5 Providing info/warning/error messages (HO)
)
Package pdftexcmds Info: \pdf@primitive is available.
Package pdftexcmds Info: \pdf@ifprimitive is available.
Package pdftexcmds Info: \pdfdraftmode found.
))
(/usr/local/texlive/2024/texmf-dist/tex/latex/hycolor/hycolor.sty
Package: hycolor 2020-01-27 v1.10 Color options for hyperref/bookmark (HO)
)
(/usr/local/texlive/2024/texmf-dist/tex/latex/auxhook/auxhook.sty
Package: auxhook 2019-12-17 v1.6 Hooks for auxiliary files (HO)
)
(/usr/local/texlive/2024/texmf-dist/tex/latex/hyperref/nameref.sty
Package: nameref 2023-11-26 v2.56 Cross-referencing by name of section

(/usr/local/texlive/2024/texmf-dist/tex/latex/refcount/refcount.sty
Package: refcount 2019/12/15 v3.6 Data extraction from label references (HO)
)
(/usr/local/texlive/2024/texmf-dist/tex/generic/gettitlestring/gettitlestring.s
ty
Package: gettitlestring 2019/12/15 v1.6 Cleanup title references (HO)
 (/usr/local/texlive/2024/texmf-dist/tex/latex/kvoptions/kvoptions.sty
Package: kvoptions 2022-06-15 v3.15 Key value format for package options (HO)
))
\c@section@level=\count323
)
\@linkdim=\dimen287
\Hy@linkcounter=\count324
\Hy@pagecounter=\count325

(/usr/local/texlive/2024/texmf-dist/tex/latex/hyperref/pd1enc.def
File: pd1enc.def 2024-01-20 v7.01h Hyperref: PDFDocEncoding definition (HO)
Now handling font encoding PD1 ...
... no UTF-8 mapping file for font encoding PD1
)
(/usr/local/texlive/2024/texmf-dist/tex/generic/intcalc/intcalc.sty
Package: intcalc 2019/12/15 v1.3 Expandable calculations with integers (HO)
)
\Hy@SavedSpaceFactor=\count326

(/usr/local/texlive/2024/texmf-dist/tex/latex/hyperref/puenc.def
File: puenc.def 2024-01-20 v7.01h Hyperref: PDF Unicode definition (HO)
Now handling font encoding PU ...
... no UTF-8 mapping file for font encoding PU
)
Package hyperref Info: Hyper figures OFF on input line 4179.
Package hyperref Info: Link nesting OFF on input line 4184.
Package hyperref Info: Hyper index ON on input line 4187.
Package hyperref Info: Plain pages OFF on input line 4194.
Package hyperref Info: Backreferencing OFF on input line 4199.
Package hyperref Info: Implicit mode ON; LaTeX internals redefined.
Package hyperref Info: Bookmarks ON on input line 4446.
\c@Hy@tempcnt=\count327

(/usr/local/texlive/2024/texmf-dist/tex/latex/url/url.sty
\Urlmuskip=\muskip17
Package: url 2013/09/16  ver 3.4  Verb mode for urls, etc.
)
LaTeX Info: Redefining \url on input line 4784.
\XeTeXLinkMargin=\dimen288

(/usr/local/texlive/2024/texmf-dist/tex/generic/bitset/bitset.sty
Package: bitset 2019/12/09 v1.3 Handle bit-vector datatype (HO)

(/usr/local/texlive/2024/texmf-dist/tex/generic/bigintcalc/bigintcalc.sty
Package: bigintcalc 2019/12/15 v1.5 Expandable calculations on big integers (HO
)
))
\Fld@menulength=\count328
\Field@Width=\dimen289
\Fld@charsize=\dimen290
Package hyperref Info: Hyper figures OFF on input line 6063.
Package hyperref Info: Link nesting OFF on input line 6068.
Package hyperref Info: Hyper index ON on input line 6071.
Package hyperref Info: backreferencing OFF on input line 6078.
Package hyperref Info: Link coloring OFF on input line 6083.
Package hyperref Info: Link coloring with OCG OFF on input line 6088.
Package hyperref Info: PDF/A mode OFF on input line 6093.

(/usr/local/texlive/2024/texmf-dist/tex/latex/base/atbegshi-ltx.sty
Package: atbegshi-ltx 2021/01/10 v1.0c Emulation of the original atbegshi
package with kernel methods
)
\Hy@abspage=\count329
\c@Item=\count330
\c@Hfootnote=\count331
)
Package hyperref Info: Driver (autodetected): hpdftex.

(/usr/local/texlive/2024/texmf-dist/tex/latex/hyperref/hpdftex.def
File: hpdftex.def 2024-01-20 v7.01h Hyperref driver for pdfTeX

(/usr/local/texlive/2024/texmf-dist/tex/latex/base/atveryend-ltx.sty
Package: atveryend-ltx 2020/08/19 v1.0a Emulation of the original atveryend pac
kage
with kernel methods
)
\Fld@listcount=\count332
\c@bookmark@seq@number=\count333

(/usr/local/texlive/2024/texmf-dist/tex/latex/rerunfilecheck/rerunfilecheck.sty
Package: rerunfilecheck 2022-07-10 v1.10 Rerun checks for auxiliary files (HO)

(/usr/local/texlive/2024/texmf-dist/tex/generic/uniquecounter/uniquecounter.sty
Package: uniquecounter 2019/12/15 v1.4 Provide unlimited unique counter (HO)
)
Package uniquecounter Info: New unique counter `rerunfilecheck' on input line 2
85.
)
\Hy@SectionHShift=\skip63
) (/usr/local/texlive/2024/texmf-dist/tex/latex/booktabs/booktabs.sty
Package: booktabs 2020/01/12 v1.61803398 Publication quality tables
\heavyrulewidth=\dimen291
\lightrulewidth=\dimen292
\cmidrulewidth=\dimen293
\belowrulesep=\dimen294
\belowbottomsep=\dimen295
\aboverulesep=\dimen296
\abovetopsep=\dimen297
\cmidrulesep=\dimen298
\cmidrulekern=\dimen299
\defaultaddspace=\dimen300
\@cmidla=\count334
\@cmidlb=\count335
\@aboverulesep=\dimen301
\@belowrulesep=\dimen302
\@thisruleclass=\count336
\@lastruleclass=\count337
\@thisrulewidth=\dimen303
)
(/usr/local/texlive/2024/texmf-dist/tex/latex/float/float.sty
Package: float 2001/11/08 v1.3d Float enhancements (AL)
\c@float@type=\count338
\float@exts=\toks53
\float@box=\box68
\@float@everytoks=\toks54
\@floatcapt=\box69
)
(/usr/local/texlive/2024/texmf-dist/tex/latex/pythontex/pythontex.sty
Package: pythontex 2021/06/06 v0.18 execute and typeset Python code and other l
anguages

(/usr/local/texlive/2024/texmf-dist/tex/latex/fvextra/fvextra.sty
Package: fvextra 2023/11/28 v1.6.1 fvextra - extensions and patches for fancyvr
b

(/usr/local/texlive/2024/texmf-dist/tex/latex/fancyvrb/fancyvrb.sty
Package: fancyvrb 2024/01/20 4.5c verbatim text (tvz,hv)
\FV@CodeLineNo=\count339
\FV@InFile=\read5
\FV@TabBox=\box70
\c@FancyVerbLine=\count340
\FV@StepNumber=\count341
\FV@OutFile=\write5
)
(/usr/local/texlive/2024/texmf-dist/tex/latex/upquote/upquote.sty
Package: upquote 2012/04/19 v1.3 upright-quote and grave-accent glyphs in verba
tim
)
(/usr/local/texlive/2024/texmf-dist/tex/latex/lineno/lineno.sty
Package: lineno 2023/05/20 line numbers on paragraphs v5.3
\linenopenalty=\count342
\output=\toks55
\linenoprevgraf=\count343
\linenumbersep=\dimen304
\linenumberwidth=\dimen305
\c@linenumber=\count344
\c@pagewiselinenumber=\count345
\c@LN@truepage=\count346
\c@internallinenumber=\count347
\c@internallinenumbers=\count348
\quotelinenumbersep=\dimen306
\bframerule=\dimen307
\bframesep=\dimen308
\bframebox=\box71
\linenoamsmath@ams@eqpen=\count349
LaTeX Info: Redefining \\ on input line 3180.
)
\c@FancyVerbWriteLine=\count350
\c@FancyVerbBufferIndex=\count351
\c@FancyVerbBufferLength=\count352
\c@FancyVerbBufferLine=\count353
\c@FV@oldbufferlength=\count354
\c@FV@TrueTabGroupLevel=\count355
\c@FV@TrueTabCounter=\count356
\FV@TabBox@Group=\box72
\FV@TmpLength=\skip64
\c@FV@HighlightLinesStart=\count357
\c@FV@HighlightLinesStop=\count358
\FV@LoopCount=\count359
\FV@NCharsBox=\box73
\FV@BreakIndent=\dimen309
\FV@BreakIndentNChars=\count360
\FV@BreakSymbolSepLeft=\dimen310
\FV@BreakSymbolSepLeftNChars=\count361
\FV@BreakSymbolSepRight=\dimen311
\FV@BreakSymbolSepRightNChars=\count362
\FV@BreakSymbolIndentLeft=\dimen312
\FV@BreakSymbolIndentLeftNChars=\count363
\FV@BreakSymbolIndentRight=\dimen313
\FV@BreakSymbolIndentRightNChars=\count364
\c@FancyVerbLineBreakLast=\count365
\FV@LineBox=\box74
\FV@LineIndentBox=\box75
\c@FV@BreakBufferDepth=\count366
\FV@LineWidth=\dimen314
)
(/usr/local/texlive/2024/texmf-dist/tex/generic/xstring/xstring.sty
(/usr/local/texlive/2024/texmf-dist/tex/generic/xstring/xstring.tex
\xs_counta=\count367
\xs_countb=\count368
)
Package: xstring 2023/08/22 v1.86 String manipulations (CT)
)
(/usr/local/texlive/2024/texmf-dist/tex/latex/pgfopts/pgfopts.sty
Package: pgfopts 2014/07/10 v2.1a LaTeX package options with pgfkeys
\pgfopts@list@add@a@toks=\toks56
\pgfopts@list@add@b@toks=\toks57
)
(/usr/local/texlive/2024/texmf-dist/tex/latex/newfloat/newfloat.sty
Package: newfloat 2023/10/01 v1.2 Defining new floating environments (AR)
Package newfloat Info: Unsupported document class, or \@chapter 
(newfloat)             was already redefined by another package.
Package newfloat Info: \@chapter = macro:->\def \Hy@next {\Hy@MakeCurrentHrefAu
to {\Hy@chapapp *}\Hy@raisedlink {\hyper@anchorstart {\@currentHref }\hyper@anc
horend }}\ifnum \c@secnumdepth >\m@ne \@ifundefined {if@mainmatter}\iftrue {\cs
name if@mainmatter\endcsname }\let \Hy@next \relax \fi \fi \Hy@next \Hy@org@cha
pter .
Package newfloat Info: \Hy@org@chapter = macro:[#1]#2->\NR@gettitle {#1}\NR@cha
pter [{#1}]{#2}.
Package newfloat Info: \algocf@original@chapter = undefined.
)
(/usr/local/texlive/2024/texmf-dist/tex/latex/currfile/currfile.sty
Package: currfile 2022/10/10 v0.8 Provides the file path elements of the curren
t input file

(/usr/local/texlive/2024/texmf-dist/tex/latex/filehook/filehook.sty
Package: filehook 2022/10/25 v0.8b Hooks for input files

(/usr/local/texlive/2024/texmf-dist/tex/latex/filehook/filehook-2020.sty
Package: filehook-2020 2022/10/25 v0.8b Hooks for input files
))
\c@currfiledepth=\count369
)
\pytx@codefile=\write6
\openout6 = `report.pytxcode'.

\c@pytx@FancyVerbLineTemp=\count370
\c@pytx@py@default@default=\count371
\c@pytx@pycon@default@default=\count372
\c@pytx@sympy@default@default=\count373
\c@pytx@sympycon@default@default=\count374
\c@pytx@pylab@default@default=\count375
\c@pytx@pylabcon@default@default=\count376
)
(/usr/local/texlive/2024/texmf-dist/tex/latex/changepage/changepage.sty
Package: changepage 2009/10/20 v1.0c check page and change page layout
\c@cp@cntr=\count377
\cp@tempcnt=\count378
)
(/usr/local/texlive/2024/texmf-dist/tex/latex/caption/caption.sty
Package: caption 2023/08/05 v3.6o Customizing captions (AR)

(/usr/local/texlive/2024/texmf-dist/tex/latex/caption/caption3.sty
Package: caption3 2023/07/31 v2.4d caption3 kernel (AR)
\caption@tempdima=\dimen315
\captionmargin=\dimen316
\caption@leftmargin=\dimen317
\caption@rightmargin=\dimen318
\caption@width=\dimen319
\caption@indent=\dimen320
\caption@parindent=\dimen321
\caption@hangindent=\dimen322
Package caption Info: Standard document class detected.
)
\c@caption@flags=\count379
\c@continuedfloat=\count380
Package caption Info: changepage package is loaded.
\caption@adjustwidth@hsize=\dimen323
\caption@adjustwidth@linewidth=\dimen324
Package caption Info: float package is loaded.
Package caption Info: hyperref package is loaded.
Package caption Info: listings package is loaded.
)
(/usr/local/texlive/2024/texmf-dist/tex/latex/caption/subcaption.sty
Package: subcaption 2023/07/28 v1.6b Sub-captions (AR)
Package caption Info: New subtype `subfigure' on input line 238.
\c@subfigure=\count381
Package caption Info: New subtype `subtable' on input line 238.
\c@subtable=\count382
)
(/usr/local/texlive/2024/texmf-dist/tex/latex/listings/lstlang1.sty
File: lstlang1.sty 2024/02/21 1.10 listings language file
)
(/usr/local/texlive/2024/texmf-dist/tex/latex/l3backend/l3backend-pdftex.def
File: l3backend-pdftex.def 2024-02-20 L3 backend support: PDF output (pdfTeX)
\l__color_backend_stack_int=\count383
\l__pdf_internal_box=\box76
)
(./report.aux

LaTeX Warning: Label `fig:time-vs-M' multiply defined.


LaTeX Warning: Label `fig:time-vs-MlogM' multiply defined.

)
\openout1 = `report.aux'.

LaTeX Font Info:    Checking defaults for OML/cmm/m/it on input line 64.
LaTeX Font Info:    ... okay on input line 64.
LaTeX Font Info:    Checking defaults for OMS/cmsy/m/n on input line 64.
LaTeX Font Info:    ... okay on input line 64.
LaTeX Font Info:    Checking defaults for OT1/cmr/m/n on input line 64.
LaTeX Font Info:    ... okay on input line 64.
LaTeX Font Info:    Checking defaults for T1/cmr/m/n on input line 64.
LaTeX Font Info:    ... okay on input line 64.
LaTeX Font Info:    Checking defaults for TS1/cmr/m/n on input line 64.
LaTeX Font Info:    ... okay on input line 64.
LaTeX Font Info:    Checking defaults for OMX/cmex/m/n on input line 64.
LaTeX Font Info:    ... okay on input line 64.
LaTeX Font Info:    Checking defaults for U/cmr/m/n on input line 64.
LaTeX Font Info:    ... okay on input line 64.
LaTeX Font Info:    Checking defaults for PD1/pdf/m/n on input line 64.
LaTeX Font Info:    ... okay on input line 64.
LaTeX Font Info:    Checking defaults for PU/pdf/m/n on input line 64.
LaTeX Font Info:    ... okay on input line 64.
\c@lstlisting=\count384
 (/usr/local/texlive/2024/texmf-dist/tex/context/base/mkii/supp-pdf.mkii
[Loading MPS to PDF converter (version 2006.09.02).]
\scratchcounter=\count385
\scratchdimen=\dimen325
\scratchbox=\box77
\nofMPsegments=\count386
\nofMParguments=\count387
\everyMPshowfont=\toks58
\MPscratchCnt=\count388
\MPscratchDim=\dimen326
\MPnumerator=\count389
\makeMPintoPDFobject=\count390
\everyMPtoPDFconversion=\toks59
) (/usr/local/texlive/2024/texmf-dist/tex/latex/epstopdf-pkg/epstopdf-base.sty
Package: epstopdf-base 2020-01-24 v2.11 Base part for package epstopdf
Package epstopdf-base Info: Redefining graphics rule for `.eps' on input line 4
85.

(/usr/local/texlive/2024/texmf-dist/tex/latex/latexconfig/epstopdf-sys.cfg
File: epstopdf-sys.cfg 2010/07/13 v1.3 Configuration of (r)epstopdf for TeX Liv
e
))
Package pgfplots notification 'compat/show suggested version=true': document ha
s been generated with the most recent feature set (\pgfplotsset{compat=1.18}).

Package hyperref Info: Link coloring OFF on input line 64.
(./report.out) (./report.out)
\@outlinefile=\write7
\openout7 = `report.out'.

Package newfloat Info: Trying Plan B...
Package newfloat Info: `float' package detected.

No file pythontex-files-report/report.pytxmcr.
Run PythonTeX to create it.
Package newfloat Info: New float `listing' with options `fileext=lopytx' on inp
ut line 64.
\c@listing=\count391
Package newfloat Info: float type `listing'=8 on input line 64.
Package caption Info: New subtype `sublisting' on input line 64.
\c@sublisting=\count392
Package caption Info: Begin \AtBeginDocument code.
Package caption Info: End \AtBeginDocument code.
LaTeX Font Info:    Trying to load font information for U+msa on input line 69.

(/usr/local/texlive/2024/texmf-dist/tex/latex/amsfonts/umsa.fd
File: umsa.fd 2013/01/14 v3.01 AMS symbols A
)
LaTeX Font Info:    Trying to load font information for U+msb on input line 69.


(/usr/local/texlive/2024/texmf-dist/tex/latex/amsfonts/umsb.fd
File: umsb.fd 2013/01/14 v3.01 AMS symbols B
) [1

{/usr/local/texlive/2024/texmf-var/fonts/map/pdftex/updmap/pdftex.map}] (./repo
rt.toc
pdfTeX warning (ext4): destination with the same identifier (name{page.1}) has 
been already used, duplicate ignored
<to be read again> 
                   \relax 
l.34 ...}Mandrill Complexity:}{35}{subsection.7.7}
                                                  % [1])
\tf@toc=\write8
\openout8 = `report.toc'.

 [2] [3

]
Underfull \hbox (badness 10000) in paragraph at lines 126--132

 []


Underfull \hbox (badness 10000) in paragraph at lines 146--155

 []


Underfull \hbox (badness 10000) in paragraph at lines 146--155

 []

[4{/usr/local/texlive/2024/texmf-dist/fonts/enc/dvips/cm-super/cm-super-ts1.enc
}]
Underfull \hbox (badness 10000) in paragraph at lines 159--164

 []


Underfull \hbox (badness 10000) in paragraph at lines 166--170

 []

[5] [6]
Underfull \hbox (badness 10000) in paragraph at lines 261--265

 []

LaTeX Font Info:    Font shape `OT1/cmtt/bx/n' in size <14.4> not available
(Font)              Font shape `OT1/cmtt/m/n' tried instead on input line 266.
(/usr/local/texlive/2024/texmf-dist/tex/latex/listings/lstlang1.sty
File: lstlang1.sty 2024/02/21 1.10 listings language file
)
(/usr/local/texlive/2024/texmf-dist/tex/latex/listings/lstlang1.sty
File: lstlang1.sty 2024/02/21 1.10 listings language file
) [7]
LaTeX Font Info:    Trying to load font information for TS1+cmtt on input line 
275.

(/usr/local/texlive/2024/texmf-dist/tex/latex/base/ts1cmtt.fd
File: ts1cmtt.fd 2023/04/13 v2.5m Standard LaTeX font definitions
) [8]
Overfull \hbox (16.8567pt too wide) in paragraph at lines 337--338
[]\OT1/cmr/m/n/12 Computes \OT1/cmr/bx/n/12 MSE\OT1/cmr/m/n/12 , \OT1/cmr/bx/n/
12 PSNR\OT1/cmr/m/n/12 , and \OT1/cmr/bx/n/12 Siz-eR-a-tio \OT1/cmr/m/n/12 (and
 \OT1/cmr/bx/n/12 SSIM \OT1/cmr/m/n/12 given \OT1/cmtt/m/n/12 scikit-image
 []


Overfull \hbox (30.55681pt too wide) in paragraph at lines 338--339
[]\OT1/cmr/m/n/12 Writes \OT1/cmtt/m/n/12 metrics[]summary.csv \OT1/cmr/m/n/12 
(comma-delimited) and \OT1/cmtt/m/n/12 metrics[]summary.txt
 []


Overfull \hbox (49.09863pt too wide) in paragraph at lines 339--340
[]\OT1/cmr/m/n/12 Plots and saves \OT1/cmtt/m/n/12 psnr[]vs[]keep.png\OT1/cmr/m
/n/12 , \OT1/cmtt/m/n/12 mse[]vs[]keep.png\OT1/cmr/m/n/12 , \OT1/cmtt/m/n/12 si
ze[]ratio[]vs[]keep.png\OT1/cmr/m/n/12 ,
 []

[9] [10] [11]
Overfull \hbox (73.12523pt too wide) in paragraph at lines 424--424
[]\OT1/cmtt/m/n/12 python3 benchmark_images.py Lena.jpeg    --keep 0.20 --sizes
 64 128 256 512[] 
 []


Overfull \hbox (73.12523pt too wide) in paragraph at lines 424--424
[]\OT1/cmtt/m/n/12 python3 benchmark_images.py Mandrill.jpg --keep 0.20 --sizes
 64 128 256 512[] 
 []

[12] [13]
Overfull \hbox (17.62234pt too wide) in paragraph at lines 490--491
\OT1/cmr/m/n/12 com-pres-sor out-put (right) at keep-fractions $\OML/cmm/m/it/1
2 k \OMS/cmsy/m/n/12 2 f\OT1/cmr/m/n/12 0\OML/cmm/m/it/12 :\OT1/cmr/m/n/12 01\O
ML/cmm/m/it/12 ; \OT1/cmr/m/n/12 0\OML/cmm/m/it/12 :\OT1/cmr/m/n/12 05\OML/cmm/
m/it/12 ; \OT1/cmr/m/n/12 0\OML/cmm/m/it/12 :\OT1/cmr/m/n/12 10\OML/cmm/m/it/12
 ; \OT1/cmr/m/n/12 0\OML/cmm/m/it/12 :\OT1/cmr/m/n/12 20\OML/cmm/m/it/12 ; \OT1
/cmr/m/n/12 0\OML/cmm/m/it/12 :\OT1/cmr/m/n/12 50\OML/cmm/m/it/12 ; \OT1/cmr/m/
n/12 1\OML/cmm/m/it/12 :\OT1/cmr/m/n/12 00\OMS/cmsy/m/n/12 g$\OT1/cmr/m/n/12 . 

 []

<Lena.jpeg, id=360, 225.84375pt x 225.84375pt>
File: Lena.jpeg Graphic file (type jpg)
<use Lena.jpeg>
Package pdftex.def Info: Lena.jpeg  used on input line 493.
(pdftex.def)             Requested size: 187.19833pt x 187.20903pt.
<Lena_k01.png, id=361, 128.48pt x 128.48pt>
File: Lena_k01.png Graphic file (type png)
<use Lena_k01.png>
Package pdftex.def Info: Lena_k01.png  used on input line 493.
(pdftex.def)             Requested size: 187.19833pt x 187.21262pt.
[14] [15 <./Lena.jpeg> <./Lena_k01.png (PNG copy)>]
File: Lena.jpeg Graphic file (type jpg)
<use Lena.jpeg>
Package pdftex.def Info: Lena.jpeg  used on input line 494.
(pdftex.def)             Requested size: 187.19833pt x 187.20903pt.
<Lena_k05.png, id=373, 128.48pt x 128.48pt>
File: Lena_k05.png Graphic file (type png)
<use Lena_k05.png>
Package pdftex.def Info: Lena_k05.png  used on input line 494.
(pdftex.def)             Requested size: 187.19833pt x 187.21262pt.
 [16 <./Lena_k05.png (PNG copy)>]
File: Lena.jpeg Graphic file (type jpg)
<use Lena.jpeg>
Package pdftex.def Info: Lena.jpeg  used on input line 495.
(pdftex.def)             Requested size: 187.19833pt x 187.20903pt.
<Lena_k10.png, id=379, 128.48pt x 128.48pt>
File: Lena_k10.png Graphic file (type png)
<use Lena_k10.png>
Package pdftex.def Info: Lena_k10.png  used on input line 495.
(pdftex.def)             Requested size: 187.19833pt x 187.21262pt.
 [17 <./Lena_k10.png (PNG copy)>]
File: Lena.jpeg Graphic file (type jpg)
<use Lena.jpeg>
Package pdftex.def Info: Lena.jpeg  used on input line 496.
(pdftex.def)             Requested size: 187.19833pt x 187.20903pt.
<Lena_k20.png, id=385, 128.48pt x 128.48pt>
File: Lena_k20.png Graphic file (type png)
<use Lena_k20.png>
Package pdftex.def Info: Lena_k20.png  used on input line 496.
(pdftex.def)             Requested size: 187.19833pt x 187.21262pt.
 [18 <./Lena_k20.png (PNG copy)>]
File: Lena.jpeg Graphic file (type jpg)
<use Lena.jpeg>
Package pdftex.def Info: Lena.jpeg  used on input line 497.
(pdftex.def)             Requested size: 187.19833pt x 187.20903pt.
<Lena_k50.png, id=392, 128.48pt x 128.48pt>
File: Lena_k50.png Graphic file (type png)
<use Lena_k50.png>
Package pdftex.def Info: Lena_k50.png  used on input line 497.
(pdftex.def)             Requested size: 187.19833pt x 187.21262pt.

[19 <./Lena_k50.png (PNG copy)>]
File: Lena.jpeg Graphic file (type jpg)
<use Lena.jpeg>
Package pdftex.def Info: Lena.jpeg  used on input line 498.
(pdftex.def)             Requested size: 187.19833pt x 187.20903pt.
<Lena_k100.png, id=398, 128.48pt x 128.48pt>
File: Lena_k100.png Graphic file (type png)
<use Lena_k100.png>
Package pdftex.def Info: Lena_k100.png  used on input line 498.
(pdftex.def)             Requested size: 187.19833pt x 187.21262pt.
 [20 <./Lena_k100.png (PNG copy)>]
<Mandrill.jpg, id=404, 513.92pt x 513.92pt>
File: Mandrill.jpg Graphic file (type jpg)
<use Mandrill.jpg>
Package pdftex.def Info: Mandrill.jpg  used on input line 501.
(pdftex.def)             Requested size: 187.19833pt x 187.1989pt.
<Mandrill_k01.png, id=405, 513.92pt x 513.92pt>
File: Mandrill_k01.png Graphic file (type png)
<use Mandrill_k01.png>
Package pdftex.def Info: Mandrill_k01.png  used on input line 501.
(pdftex.def)             Requested size: 187.19833pt x 187.1989pt.
 [21 <./Mandrill.jpg> <./Mandrill_k01.png (PNG copy)>]
File: Mandrill.jpg Graphic file (type jpg)
<use Mandrill.jpg>
Package pdftex.def Info: Mandrill.jpg  used on input line 502.
(pdftex.def)             Requested size: 187.19833pt x 187.1989pt.
<Mandrill_k05.png, id=411, 513.92pt x 513.92pt>
File: Mandrill_k05.png Graphic file (type png)
<use Mandrill_k05.png>
Package pdftex.def Info: Mandrill_k05.png  used on input line 502.
(pdftex.def)             Requested size: 187.19833pt x 187.1989pt.
 [22 <./Mandrill_k05.png (PNG copy)>]
File: Mandrill.jpg Graphic file (type jpg)
<use Mandrill.jpg>
Package pdftex.def Info: Mandrill.jpg  used on input line 503.
(pdftex.def)             Requested size: 187.19833pt x 187.1989pt.
<Mandrill_k10.png, id=417, 513.92pt x 513.92pt>
File: Mandrill_k10.png Graphic file (type png)
<use Mandrill_k10.png>
Package pdftex.def Info: Mandrill_k10.png  used on input line 503.
(pdftex.def)             Requested size: 187.19833pt x 187.1989pt.

[23 <./Mandrill_k10.png (PNG copy)>]
File: Mandrill.jpg Graphic file (type jpg)
<use Mandrill.jpg>
Package pdftex.def Info: Mandrill.jpg  used on input line 504.
(pdftex.def)             Requested size: 187.19833pt x 187.1989pt.
<Mandrill_k20.png, id=423, 513.92pt x 513.92pt>
File: Mandrill_k20.png Graphic file (type png)
<use Mandrill_k20.png>
Package pdftex.def Info: Mandrill_k20.png  used on input line 504.
(pdftex.def)             Requested size: 187.19833pt x 187.1989pt.
 [24 <./Mandrill_k20.png (PNG copy)>]
File: Mandrill.jpg Graphic file (type jpg)
<use Mandrill.jpg>
Package pdftex.def Info: Mandrill.jpg  used on input line 505.
(pdftex.def)             Requested size: 187.19833pt x 187.1989pt.
<Mandrill_k50.png, id=431, 513.92pt x 513.92pt>
File: Mandrill_k50.png Graphic file (type png)
<use Mandrill_k50.png>
Package pdftex.def Info: Mandrill_k50.png  used on input line 505.
(pdftex.def)             Requested size: 187.19833pt x 187.1989pt.

[25 <./Mandrill_k50.png (PNG copy)>]
File: Mandrill.jpg Graphic file (type jpg)
<use Mandrill.jpg>
Package pdftex.def Info: Mandrill.jpg  used on input line 506.
(pdftex.def)             Requested size: 187.19833pt x 187.1989pt.
<Mandrill_k100.png, id=437, 513.92pt x 513.92pt>
File: Mandrill_k100.png Graphic file (type png)
<use Mandrill_k100.png>
Package pdftex.def Info: Mandrill_k100.png  used on input line 506.
(pdftex.def)             Requested size: 187.19833pt x 187.1989pt.
 [26 <./Mandrill_k100.png (PNG copy)>]
Overfull \hbox (65.23152pt too wide) in paragraph at lines 513--514
 [][] 
 []

<psnr_vs_keep_Lena.png, id=443, 462.528pt x 346.896pt>
File: psnr_vs_keep_Lena.png Graphic file (type png)
<use psnr_vs_keep_Lena.png>
Package pdftex.def Info: psnr_vs_keep_Lena.png  used on input line 518.
(pdftex.def)             Requested size: 292.5pt x 219.38724pt.
<mse_vs_keep_Lena.png, id=445, 462.528pt x 346.896pt>
File: mse_vs_keep_Lena.png Graphic file (type png)
<use mse_vs_keep_Lena.png>
Package pdftex.def Info: mse_vs_keep_Lena.png  used on input line 524.
(pdftex.def)             Requested size: 292.5pt x 219.38724pt.
[27












 <./psnr_vs_keep_Lena.png>]
<size_ratio_vs_keep_Lena.png, id=453, 462.528pt x 346.896pt>
File: size_ratio_vs_keep_Lena.png Graphic file (type png)
<use size_ratio_vs_keep_Lena.png>
Package pdftex.def Info: size_ratio_vs_keep_Lena.png  used on input line 530.
(pdftex.def)             Requested size: 292.5pt x 219.38724pt.
<ssim_vs_keep_Lena.png, id=454, 462.528pt x 346.896pt>
File: ssim_vs_keep_Lena.png Graphic file (type png)
<use ssim_vs_keep_Lena.png>
Package pdftex.def Info: ssim_vs_keep_Lena.png  used on input line 536.
(pdftex.def)             Requested size: 292.5pt x 219.38724pt.
 [28 <./mse_vs_keep_Lena.png> <./size_ratio_vs_keep_Lena.png>]
Overfull \hbox (71.10646pt too wide) in paragraph at lines 545--546
 [][] 
 []

<psnr_vs_keep_Mandrill.png, id=463, 462.528pt x 346.896pt>
File: psnr_vs_keep_Mandrill.png Graphic file (type png)
<use psnr_vs_keep_Mandrill.png>
Package pdftex.def Info: psnr_vs_keep_Mandrill.png  used on input line 550.
(pdftex.def)             Requested size: 292.5pt x 219.38724pt.
[29 <./ssim_vs_keep_Lena.png>]
<mse_vs_keep_Mandrill.png, id=471, 462.528pt x 346.896pt>
File: mse_vs_keep_Mandrill.png Graphic file (type png)
<use mse_vs_keep_Mandrill.png>
Package pdftex.def Info: mse_vs_keep_Mandrill.png  used on input line 556.
(pdftex.def)             Requested size: 292.5pt x 219.38724pt.
<size_ratio_vs_keep_Mandrill.png, id=472, 462.528pt x 346.896pt>
File: size_ratio_vs_keep_Mandrill.png Graphic file (type png)
<use size_ratio_vs_keep_Mandrill.png>
Package pdftex.def Info: size_ratio_vs_keep_Mandrill.png  used on input line 56
2.
(pdftex.def)             Requested size: 292.5pt x 219.38724pt.
 [30 <./psnr_vs_keep_Mandrill.png> <./mse_vs_keep_Mandrill.png>]
<ssim_vs_keep_Mandrill.png, id=482, 462.528pt x 346.896pt>
File: ssim_vs_keep_Mandrill.png Graphic file (type png)
<use ssim_vs_keep_Mandrill.png>
Package pdftex.def Info: ssim_vs_keep_Mandrill.png  used on input line 568.
(pdftex.def)             Requested size: 292.5pt x 219.38724pt.
 [31 <./size_ratio_vs_keep_Mandrill.png> <./ssim_vs_keep_Mandrill.png>]
Overfull \hbox (17.45966pt too wide) in paragraph at lines 593--594
\OT1/cmr/m/n/12 Overall, the com-pres-sor ex-hibits the ex-pected frequency-dom
ain be-hav-ior|rapid
 []

[32]
Overfull \hbox (42.25021pt too wide) in paragraph at lines 606--606
[]\OT1/cmtt/m/n/12 python3 benchmark_images.py <image> --keep 0.20 --sizes 64 1
28 256 512[] 
 []


Underfull \hbox (badness 10000) in paragraph at lines 607--611

 []


Overfull \hbox (20.65138pt too wide) in paragraph at lines 607--611
\OT1/cmr/m/n/12 The script records the elapsed time for each $\OML/cmm/m/it/12 
n$\OT1/cmr/m/n/12 , writes out \OT1/cmtt/m/n/12 benchmark[]images.csv\OT1/cmr/m
/n/12 ,
 []

hmark[]images.csv\OT1/cmr/m
/n/12 ,
 []

<time_vs_M_Lena.png, id=495, 462.528pt x 346.896pt>
File: time_vs_M_Lena.png Graphic file (type png)
<use time_vs_M_Lena.png>
Package pdftex.def Info: time_vs_M_Lena.png  used on input line 620.
(pdftex.def)             Requested size: 292.5pt x 219.38724pt.
<time_vs_MlogM_Lena.png, id=496, 462.528pt x 346.896pt>
File: time_vs_MlogM_Lena.png Graphic file (type png)
<use time_vs_MlogM_Lena.png>
Package pdftex.def Info: time_vs_MlogM_Lena.png  used on input line 627.
(pdftex.def)             Requested size: 292.5pt x 219.38724pt.
[33 <./time_vs_M_Lena.png>]
./report.tex:635: Missing $ inserted.
<inserted text> 
                $
l.635 ...utobooktabular{benchmark_images_Lena.csv}
                                                  
? 
./report.tex:635: Emergency stop.
<inserted text> 
                $
l.635 ...utobooktabular{benchmark_images_Lena.csv}
                                                  
End of file on the terminal!

 
Here is how much of TeX's memory you used:
 39223 strings out of 474116
 882270 string characters out of 5743682
 1981187 words of memory out of 5000000
 60830 multiletter control sequences out of 15000+600000
 570061 words of font info for 82 fonts, out of 8000000 for 9000
 1141 hyphenation exceptions out of 8191
 96i,8n,101p,727b,1647s stack positions out of 10000i,1000n,20000p,200000b,200000s
./report.tex:635:  ==> Fatal error occurred, no output PDF file produced!
mplate> \unskip \hfil }
                          \hskip \tabcolsep \endtemplate 
l.635 ...utobooktabular{benchmark_images_Lena.csv}
                                                  
? 
! Missing $ inserted.
<inserted text> 
                $
l.635 ...utobooktabular{benchmark_images_Lena.csv}
                                                  
? 
! Missing } inserted.
<inserted text> 
                }
l.635 ...utobooktabular{benchmark_images_Lena.csv}
                                                  
? 
<time_vs_M_Mandrill.png, id=503, 462.528pt x 346.896pt>
File: time_vs_M_Mandrill.png Graphic file (type png)
<use time_vs_M_Mandrill.png>
Package pdftex.def Info: time_vs_M_Mandrill.png  used on input line 642.
(pdftex.def)             Requested size: 292.5pt x 219.38724pt.
[34 <./time_vs_MlogM_Lena.png>]
<time_vs_MlogM_Mandrill.png, id=511, 462.528pt x 346.896pt>
File: time_vs_MlogM_Mandrill.png Graphic file (type png)
<use time_vs_MlogM_Mandrill.png>
Package pdftex.def Info: time_vs_MlogM_Mandrill.png  used on input line 649.
(pdftex.def)             Requested size: 292.5pt x 219.38724pt.

! Missing $ inserted.
<inserted text> 
                $
l.657 ...ooktabular{benchmark_images_Mandrill.csv}
                                                  
? 
! Extra }, or forgotten $.
<template> \unskip \hfil }
                          \hskip \tabcolsep \endtemplate 
l.657 ...ooktabular{benchmark_images_Mandrill.csv}
                                                  
? 
! Missing $ inserted.
<inserted text> 
                $
l.657 ...ooktabular{benchmark_images_Mandrill.csv}
                                                  
? 
! Missing } inserted.
<inserted text> 
                }
l.657 ...ooktabular{benchmark_images_Mandrill.csv}
                                                  
? 
! Missing $ inserted.
<inserted text> 
                $
l.657 ...ooktabular{benchmark_images_Mandrill.csv}
                                                  
? 
! Extra }, or forgotten $.
<template> \unskip \hfil }
                          \hskip \tabcolsep \endtemplate 
l.657 ...ooktabular{benchmark_images_Mandrill.csv}
                                                  
? 
! Missing $ inserted.
<inserted text> 
                $
l.657 ...ooktabular{benchmark_images_Mandrill.csv}
                                                  
? 
! Missing } inserted.
<inserted text> 
                }
l.657 ...ooktabular{benchmark_images_Mandrill.csv}
                                                  
? 
[35 <./time_vs_M_Mandrill.png> <./time_vs_MlogM_Mandrill.png>] [36]
Overfull \hbox (13.52946pt too wide) in paragraph at lines 697--697
[]\OT1/cmr/bx/n/14.4 Best Rank-$ \OML/cmm/m/it/14.4 k$ \OT1/cmr/bx/n/14.4 Ap-pr
ox-i-ma-tion: Eckart{Young{Mirsky
 []


Package hyperref Warning: Token not allowed in a PDF string (Unicode):
(hyperref)                removing `math shift' on input line 697.


Package hyperref Warning: Token not allowed in a PDF string (Unicode):
(hyperref)                removing `\leavevmode@ifvmode' on input line 697.


Package hyperref Warning: Token not allowed in a PDF string (Unicode):
(hyperref)                \kern 1.95872pt
(hyperref)                removed on input line 697.

[37]
Underfull \hbox (badness 10000) in paragraph at lines 736--740

 []


Overfull \hbox (16.92912pt too wide) in paragraph at lines 751--752
\OT1/cmr/m/n/12 Having pre-sented both the Coo-ley{Tukey FFT{based com-pres-sor
 (via frequency-
 []


Overfull \hbox (12.8639pt too wide) in paragraph at lines 751--752
\OT1/cmr/m/n/12 domain thresh-old-ing) and the SVD{based rank-$\OML/cmm/m/it/12
 k$ \OT1/cmr/m/n/12 ap-prox-i-ma-tion (Eckart{Young
 []

[38]
Overfull \hbox (1.1701pt too wide) in paragraph at lines 779--780
[]\OT1/cmr/m/n/12 In con-trast, \OT1/cmr/m/it/12 FFT thresh-old-ing \OT1/cmr/m/
n/12 re-tains the $\OML/cmm/m/it/12 k$ \OT1/cmr/m/n/12 largest-magnitude fre-qu
ency
 []


Overfull \hbox (0.76074pt too wide) in paragraph at lines 784--785
[]\OT1/cmr/bx/n/12 FFT com-pres-sor \OT1/cmr/m/n/12 is sim-ple to im-ple-ment f
rom scratch (re-cur-sive radix-
 []


Overfull \hbox (17.08685pt too wide) in paragraph at lines 788--789
[]\OT1/cmr/m/n/12 reconstructing $[] = \OML/cmm/m/it/12 U[]\OT1/cmr/m/n/12 ^^F[
]\OML/cmm/m/it/12 V[]$ \OT1/cmr/m/n/12 in mem-ory (an-other $\OML/cmm/m/it/12 O
\OT1/cmr/m/n/12 (\OML/cmm/m/it/12 MN []\OMS/cmsy/m/n/12 f\OML/cmm/m/it/12 M; N\
OMS/cmsy/m/n/12 g\OT1/cmr/m/n/12 )$
 []

[39]

! LaTeX Error: Unicode character  (U+2009)
               not set up for use with LaTeX.

See the LaTeX manual or LaTeX Companion for explanation.
Type  H <return>  for immediate help.
 ...                                              
                                                  
l.805 ...isually faithful reconstructions--PSNR
                                                  $\approx30$dB was achie...

? 

! LaTeX Error: Unicode character  (U+2009)
               not set up for use with LaTeX.

See the LaTeX manual or LaTeX Companion for explanation.
Type  H <return>  for immediate help.
 ...                                              
                                                  
l.805 ...ul reconstructions--PSNR$\approx30$
                                                  dB was achieved by retaini...

? 

! LaTeX Error: Unicode character  (U+2009)
               not set up for use with LaTeX.

See the LaTeX manual or LaTeX Companion for explanation.
Type  H <return>  for immediate help.
 ...                                              
                                                  
l.806 ...les $256\times256$ images in under 0.1
                                                  s at moderate keepfract...

? 
[40]
Package hyperref Info: bookmark level for unknown lstlisting defaults to 0 on i
nput line 820.
 (./compress.py [41] [42]

! LaTeX Error: Invalid UTF-8 byte sequence (\lst@EC).

See the LaTeX manual or LaTeX Companion for explanation.
Type  H <return>  for immediate help.
 ...                                              
                                                  
l.89         print(f"Resizing from {orig_w}{
                                              orig_h}  {new_w}{new_h}")
? 

! LaTeX Error: Invalid UTF-8 byte sequence (\lst@EC\lst@EC).

See the LaTeX manual or LaTeX Companion for explanation.
Type  H <return>  for immediate help.
 ...                                              
                                                  
l.89 ...nt(f"Resizing from {orig_w}{orig_h}  
                                                  {new_w}{new_h}")
? 

! LaTeX Error: Invalid UTF-8 byte sequence (\lst@EC).

See the LaTeX manual or LaTeX Companion for explanation.
Type  H <return>  for immediate help.
 ...                                              
                                                  
l.89 ...ing from {orig_w}{orig_h}  {new_w}{
                                                  new_h}")
? 
[43]) (./analyze.py [44] [45] [46] [47]) [48] (./benchmark_images.py [49]

! LaTeX Error: Invalid UTF-8 byte sequence (\lst@EC).

See the LaTeX manual or LaTeX Companion for explanation.
Type  H <return>  for immediate help.
 ...                                              
                                                  
l.54         print(f"Size {n}{
                                n}: time = {elapsed:.4f}s")
? 
[50]) [51]
! Misplaced alignment tab character &.
l.860 MIT Press &
                  McGrawHill, 2001,
? 
[52] (./report.aux)
 ***********
LaTeX2e <2023-11-01> patch level 1
L3 programming layer <2024-02-20>
 ***********


LaTeX Warning: There were multiply-defined labels.

Package rerunfilecheck Info: File `report.out' has not changed.
(rerunfilecheck)             Checksum: DC9616458A98674F8895DC7B91054506;8098.
 ) 
Here is how much of TeX's memory you used:
 39833 strings out of 474116
 890752 string characters out of 5743682
 2011187 words of memory out of 5000000
 60998 multiletter control sequences out of 15000+600000
 571412 words of font info for 88 fonts, out of 8000000 for 9000
 1141 hyphenation exceptions out of 8191
 96i,10n,101p,727b,2178s stack positions out of 10000i,1000n,20000p,200000b,200000s
</usr/local/texlive/2024/texmf-dist/fonts/type1/public/amsfonts/cm/cmbx12.pfb
></usr/local/texlive/2024/texmf-dist/fonts/type1/public/amsfonts/cm/cmex10.pfb>
</usr/local/texlive/2024/texmf-dist/fonts/type1/public/amsfonts/cm/cmmi10.pfb><
/usr/local/texlive/2024/texmf-dist/fonts/type1/public/amsfonts/cm/cmmi12.pfb></
usr/local/texlive/2024/texmf-dist/fonts/type1/public/amsfonts/cm/cmmi6.pfb></us
r/local/texlive/2024/texmf-dist/fonts/type1/public/amsfonts/cm/cmmi8.pfb></usr/
local/texlive/2024/texmf-dist/fonts/type1/public/amsfonts/cm/cmr10.pfb></usr/lo
cal/texlive/2024/texmf-dist/fonts/type1/public/amsfonts/cm/cmr12.pfb></usr/loca
l/texlive/2024/texmf-dist/fonts/type1/public/amsfonts/cm/cmr17.pfb></usr/local/
texlive/2024/texmf-dist/fonts/type1/public/amsfonts/cm/cmr6.pfb></usr/local/tex
live/2024/texmf-dist/fonts/type1/public/amsfonts/cm/cmr8.pfb></usr/local/texliv
e/2024/texmf-dist/fonts/type1/public/amsfonts/cm/cmsy10.pfb></usr/local/texlive
/2024/texmf-dist/fonts/type1/public/amsfonts/cm/cmsy6.pfb></usr/local/texlive/2
024/texmf-dist/fonts/type1/public/amsfonts/cm/cmsy8.pfb></usr/local/texlive/202
4/texmf-dist/fonts/type1/public/amsfonts/cm/cmti12.pfb></usr/local/texlive/2024
/texmf-dist/fonts/type1/public/amsfonts/cm/cmtt10.pfb></usr/local/texlive/2024/
texmf-dist/fonts/type1/public/amsfonts/cm/cmtt12.pfb></usr/local/texlive/2024/t
exmf-dist/fonts/type1/public/amsfonts/symbols/msam10.pfb></usr/local/texlive/20
24/texmf-dist/fonts/type1/public/amsfonts/symbols/msbm10.pfb></usr/local/texliv
e/2024/texmf-dist/fonts/type1/public/cm-super/sfrm1200.pfb></usr/local/texlive/
2024/texmf-dist/fonts/type1/public/cm-super/sftt1095.pfb></usr/local/texlive/20
24/texmf-dist/fonts/type1/public/cm-super/sftt1200.pfb>
Output written on report.pdf (53 pages, 2101013 bytes).
PDF statistics:
 1223 PDF objects out of 1440 (max. 8388607)
 1075 compressed objects within 11 object streams
 584 named destinations out of 1000 (max. 500000)
 495 words of extra memory for PDF output out of 10000 (max. 10000000)

